<?xml version="1.0" encoding="UTF-8"?>
<testsuite xmlns:xsi="http://www.w3.org/2001/XMLSchema-instance" xsi:noNamespaceSchemaLocation="https://maven.apache.org/surefire/maven-surefire-plugin/xsd/surefire-test-report.xsd" version="3.0.2" name="org.example.lr07_spring.Lr07SpringApplicationTests" time="3.287" tests="1" errors="0" skipped="0" failures="0">
  <properties>
[...]
</properties>
  <testcase name="contextLoads" classname="org.example.lr07_spring.Lr07SpringApplicationTests" time="0.287">
    <system-out><![CDATA[18:30:29.669 [main] INFO org.springframework.test.context.support.AnnotationConfigContextLoaderUtils -- Could not detect default configuration classes for test class [org.example.lr07_spring.Lr07SpringApplicationTests]: Lr07SpringApplicationTests does not declare any static, non-private, non-final, nested classes annotated with @Configuration.
18:30:29.719 [main] INFO org.springframework.boot.test.context.SpringBootTestContextBootstrapper -- Found @SpringBootConfiguration org.example.lr07_spring.Lr07SpringApplication for test class org.example.lr07_spring.Lr07SpringApplicationTests

  .   ____          _            __ _ _
 /\\ / ___'_ __ _ _(_)_ __  __ _ \ \ \ \
( ( )\___ | '_ | '_| | '_ \/ _` | \ \ \ \
 \\/  ___)| |_)| | | | | || (_| |  ) ) ) )
  '  |____| .__|_| |_|_| |_\__, | / / / /
 =========|_|==============|___/=/_/_/_/

 :: Spring Boot ::                (v3.4.0)

2024-12-06T18:30:29.941+05:00  INFO 641247 --- [LR07_Spring] [           main] o.e.l.Lr07SpringApplicationTests         : Starting Lr07SpringApplicationTests using Java 17.0.10 with PID 641247 (started by rk800 in /home/rk800/IdeaProjects/LR07_Spring)
2024-12-06T18:30:29.942+05:00  INFO 641247 --- [LR07_Spring] [           main] o.e.l.Lr07SpringApplicationTests         : No active profile set, falling back to 1 default profile: "default"
2024-12-06T18:30:30.440+05:00  INFO 641247 --- [LR07_Spring] [           main] .s.d.r.c.RepositoryConfigurationDelegate : Bootstrapping Spring Data JPA repositories in DEFAULT mode.
2024-12-06T18:30:30.481+05:00  INFO 641247 --- [LR07_Spring] [           main] .s.d.r.c.RepositoryConfigurationDelegate : Finished Spring Data repository scanning in 34 ms. Found 1 JPA repository interface.
2024-12-06T18:30:30.820+05:00  INFO 641247 --- [LR07_Spring] [           main] o.hibernate.jpa.internal.util.LogHelper  : HHH000204: Processing PersistenceUnitInfo [name: default]
2024-12-06T18:30:30.849+05:00  INFO 641247 --- [LR07_Spring] [           main] org.hibernate.Version                    : HHH000412: Hibernate ORM core version 6.6.2.Final
2024-12-06T18:30:30.867+05:00  INFO 641247 --- [LR07_Spring] [           main] o.h.c.internal.RegionFactoryInitiator    : HHH000026: Second-level cache disabled
2024-12-06T18:30:31.025+05:00  INFO 641247 --- [LR07_Spring] [           main] o.s.o.j.p.SpringPersistenceUnitInfo      : No LoadTimeWeaver setup: ignoring JPA class transformer
2024-12-06T18:30:31.043+05:00  INFO 641247 --- [LR07_Spring] [           main] com.zaxxer.hikari.HikariDataSource       : HikariPool-1 - Starting...
2024-12-06T18:30:31.220+05:00  INFO 641247 --- [LR07_Spring] [           main] com.zaxxer.hikari.pool.HikariPool        : HikariPool-1 - Added connection conn1: url=jdbc:h2:/home/rk800/IdeaProjects/LR07_Spring/students4 user=
2024-12-06T18:30:31.222+05:00  INFO 641247 --- [LR07_Spring] [           main] com.zaxxer.hikari.HikariDataSource       : HikariPool-1 - Start completed.
2024-12-06T18:30:31.236+05:00  WARN 641247 --- [LR07_Spring] [           main] org.hibernate.orm.deprecation            : HHH90000025: H2Dialect does not need to be specified explicitly using 'hibernate.dialect' (remove the property setting and it will be selected by default)
2024-12-06T18:30:31.249+05:00  INFO 641247 --- [LR07_Spring] [           main] org.hibernate.orm.connections.pooling    : HHH10001005: Database info:
	Database JDBC URL [Connecting through datasource 'HikariDataSource (HikariPool-1)']
	Database driver: undefined/unknown
	Database version: 2.3.232
	Autocommit mode: undefined/unknown
	Isolation level: undefined/unknown
	Minimum pool size: undefined/unknown
	Maximum pool size: undefined/unknown
2024-12-06T18:30:31.599+05:00  INFO 641247 --- [LR07_Spring] [           main] o.h.e.t.j.p.i.JtaPlatformInitiator       : HHH000489: No JTA platform available (set 'hibernate.transaction.jta.platform' to enable JTA platform integration)
2024-12-06T18:30:31.622+05:00  INFO 641247 --- [LR07_Spring] [           main] j.LocalContainerEntityManagerFactoryBean : Initialized JPA EntityManagerFactory for persistence unit 'default'
2024-12-06T18:30:31.950+05:00  WARN 641247 --- [LR07_Spring] [           main] JpaBaseConfiguration$JpaWebConfiguration : spring.jpa.open-in-view is enabled by default. Therefore, database queries may be performed during view rendering. Explicitly configure spring.jpa.open-in-view to disable this warning
2024-12-06T18:30:32.473+05:00  INFO 641247 --- [LR07_Spring] [           main] o.s.b.a.h2.H2ConsoleAutoConfiguration    : H2 console available at '/console/'. Database available at 'jdbc:h2:/home/rk800/IdeaProjects/LR07_Spring/students4'
2024-12-06T18:30:32.499+05:00  INFO 641247 --- [LR07_Spring] [           main] o.s.b.a.e.web.EndpointLinksResolver      : Exposing 1 endpoint beneath base path '/actuator'
2024-12-06T18:30:32.552+05:00  INFO 641247 --- [LR07_Spring] [           main] o.e.l.Lr07SpringApplicationTests         : Started Lr07SpringApplicationTests in 2.759 seconds (process running for 3.241)
]]></system-out>
  </testcase>
</testsuite>